  % Total    % Received % Xferd  Average Speed   Time    Time     Time  Current
                                 Dload  Upload   Total   Spent    Left  Speed
curl: (23) Failure writing output to destination
n01440764.tar
tar: n01440764.tar: Cannot close: Disk quota exceeded
n01443537.tar
tar: n01443537.tar: Cannot close: Disk quota exceeded
n01484850.tar
tar: n01484850.tar: Cannot close: Disk quota exceeded
n01491361.tar
tar: n01491361.tar: Cannot close: Disk quota exceeded
n01494475.tar
tar: n01494475.tar: Cannot close: Disk quota exceeded
n01496331.tar
tar: n01496331.tar: Cannot close: Disk quota exceeded
n01498041.tar
tar: n01498041.tar: Cannot close: Disk quota exceeded
n01514668.tar
tar: n01514668.tar: Cannot close: Disk quota exceeded
n01514859.tar
tar: n01514859.tar: Cannot close: Disk quota exceeded
n01518878.tar
tar: n01518878.tar: Cannot close: Disk quota exceeded
n01530575.tar
tar: n01530575.tar: Cannot close: Disk quota exceeded
n01531178.tar
tar: n01531178.tar: Cannot close: Disk quota exceeded
n01532829.tar
tar: n01532829.tar: Cannot close: Disk quota exceeded
n01534433.tar
tar: n01534433.tar: Cannot close: Disk quota exceeded
n01537544.tar
tar: n01537544.tar: Cannot close: Disk quota exceeded
n01558993.tar
tar: n01558993.tar: Cannot close: Disk quota exceeded
n01560419.tar
tar: n01560419.tar: Cannot close: Disk quota exceeded
n01580077.tar
tar: n01580077.tar: Cannot close: Disk quota exceeded
n01582220.tar
tar: n01582220.tar: Cannot close: Disk quota exceeded
n01592084.tar
tar: n01592084.tar: Cannot close: Disk quota exceeded
n01601694.tar
tar: n01601694.tar: Cannot close: Disk quota exceeded
n01608432.tar
tar: n01608432.tar: Cannot close: Disk quota exceeded
n01614925.tar
tar: n01614925.tar: Cannot close: Disk quota exceeded
n01616318.tar
tar: n01616318.tar: Cannot close: Disk quota exceeded
n01622779.tar
tar: n01622779.tar: Cannot close: Disk quota exceeded
n01629819.tar
tar: n01629819.tar: Cannot close: Disk quota exceeded
n01630670.tar
tar: n01630670.tar: Cannot close: Disk quota exceeded
n01631663.tar
tar: n01631663.tar: Cannot close: Disk quota exceeded
n01632458.tar
tar: n01632458.tar: Cannot close: Disk quota exceeded
n01632777.tar
tar: n01632777.tar: Cannot close: Disk quota exceeded
n01641577.tar
tar: n01641577.tar: Cannot close: Disk quota exceeded
n01644373.tar
tar: n01644373.tar: Cannot close: Disk quota exceeded
n01644900.tar
tar: n01644900.tar: Cannot close: Disk quota exceeded
n01664065.tar
tar: n01664065.tar: Cannot close: Disk quota exceeded
n01665541.tar
tar: n01665541.tar: Cannot close: Disk quota exceeded
n01667114.tar
tar: n01667114.tar: Cannot close: Disk quota exceeded
n01667778.tar
tar: n01667778.tar: Cannot close: Disk quota exceeded
n01669191.tar
tar: n01669191.tar: Cannot close: Disk quota exceeded
n01675722.tar
tar: n01675722.tar: Cannot close: Disk quota exceeded
n01677366.tar
tar: n01677366.tar: Cannot close: Disk quota exceeded
n01682714.tar
tar: n01682714.tar: Cannot close: Disk quota exceeded
n01685808.tar
tar: n01685808.tar: Cannot close: Disk quota exceeded
n01687978.tar
tar: n01687978.tar: Cannot write: Disk quota exceeded
n01688243.tar
tar: n01688243.tar: Cannot close: Disk quota exceeded
n01689811.tar
tar: n01689811.tar: Cannot close: Disk quota exceeded
n01692333.tar
tar: n01692333.tar: Cannot close: Disk quota exceeded
n01693334.tar
tar: n01693334.tar: Cannot close: Disk quota exceeded
n01694178.tar
tar: n01694178.tar: Cannot close: Disk quota exceeded
n01695060.tar
tar: n01695060.tar: Cannot close: Disk quota exceeded
n01697457.tar
tar: n01697457.tar: Cannot close: Disk quota exceeded
n01698640.tar
tar: n01698640.tar: Cannot close: Disk quota exceeded
n01704323.tar
tar: n01704323.tar: Cannot close: Disk quota exceeded
n01728572.tar
tar: n01728572.tar: Cannot close: Disk quota exceeded
n01728920.tar
tar: n01728920.tar: Cannot close: Disk quota exceeded
n01729322.tar
tar: n01729322.tar: Cannot close: Disk quota exceeded
n01729977.tar
tar: n01729977.tar: Cannot close: Disk quota exceeded
n01734418.tar
tar: n01734418.tar: Cannot close: Disk quota exceeded
n01735189.tar
tar: n01735189.tar: Cannot close: Disk quota exceeded
n01737021.tar
tar: n01737021.tar: Cannot close: Disk quota exceeded
n01739381.tar
tar: n01739381.tar: Cannot close: Disk quota exceeded
n01740131.tar
tar: n01740131.tar: Cannot close: Disk quota exceeded
n01742172.tar
tar: n01742172.tar: Cannot close: Disk quota exceeded
n01744401.tar
tar: n01744401.tar: Cannot close: Disk quota exceeded
n01748264.tar
tar: n01748264.tar: Cannot close: Disk quota exceeded
n01749939.tar
tar: n01749939.tar: Cannot close: Disk quota exceeded
n01751748.tar
tar: n01751748.tar: Cannot close: Disk quota exceeded
n01753488.tar
tar: n01753488.tar: Cannot close: Disk quota exceeded
n01755581.tar
tar: n01755581.tar: Cannot close: Disk quota exceeded
n01756291.tar
tar: n01756291.tar: Cannot close: Disk quota exceeded
n01768244.tar
tar: n01768244.tar: Cannot close: Disk quota exceeded
n01770081.tar
tar: n01770081.tar: Cannot close: Disk quota exceeded
n01770393.tar
tar: n01770393.tar: Cannot close: Disk quota exceeded
n01773157.tar
tar: n01773157.tar: Cannot close: Disk quota exceeded
n01773549.tar
tar: n01773549.tar: Cannot close: Disk quota exceeded
n01773797.tar
tar: n01773797.tar: Cannot close: Disk quota exceeded
n01774384.tar
tar: n01774384.tar: Cannot close: Disk quota exceeded
n01774750.tar
tar: n01774750.tar: Cannot close: Disk quota exceeded
n01775062.tar
tar: n01775062.tar: Cannot close: Disk quota exceeded
n01776313.tar
tar: n01776313.tar: Cannot close: Disk quota exceeded
n01784675.tar
tar: n01784675.tar: Cannot close: Disk quota exceeded
n01795545.tar
tar: n01795545.tar: Cannot close: Disk quota exceeded
n01796340.tar
tar: n01796340.tar: Cannot close: Disk quota exceeded
n01797886.tar
tar: n01797886.tar: Cannot close: Disk quota exceeded
n01798484.tar
tar: n01798484.tar: Cannot close: Disk quota exceeded
n01806143.tar
tar: n01806143.tar: Cannot close: Disk quota exceeded
n01806567.tar
tar: n01806567.tar: Cannot close: Disk quota exceeded
n01807496.tar
tar: n01807496.tar: Cannot close: Disk quota exceeded
n01817953.tar
tar: n01817953.tar: Cannot close: Disk quota exceeded
n01818515.tar
tar: n01818515.tar: Cannot close: Disk quota exceeded
n01819313.tar
tar: n01819313.tar: Cannot close: Disk quota exceeded
n01820546.tar
tar: n01820546.tar: Cannot close: Disk quota exceeded
n01824575.tar
tar: n01824575.tar: Cannot close: Disk quota exceeded
n01828970.tar
tar: n01828970.tar: Cannot close: Disk quota exceeded
n01829413.tar
tar: n01829413.tar: Cannot close: Disk quota exceeded
n01833805.tar
tar: n01833805.tar: Cannot close: Disk quota exceeded
n01843065.tar
tar: n01843065.tar: Cannot close: Disk quota exceeded
n01843383.tar
tar: n01843383.tar: Cannot close: Disk quota exceeded
n01847000.tar
tar: n01847000.tar: Cannot close: Disk quota exceeded
n01855032.tar
tar: n01855032.tar: Cannot close: Disk quota exceeded
n01855672.tar
tar: n01855672.tar: Cannot write: Disk quota exceeded
n01860187.tar
tar: tar: n02086240.tar: Cannot write: Disk quota exceeded
n02086646.tar
tar: tar: n02106030.tar: Cannot write: Disk quota exceeded
n02106166.tar
tar: n02128757.tar: Cannot close: Disk quota exceeded
n02128925.tar
tar: n02128925.tar: Cannot close: Disk quota exceeded
n02129165.tar
tar: n02129165.tar: Cannot close: Disk quota exceeded
n02129604.tar
tar: n02129604.tar: Cannot close: Disk quota exceeded
n02130308.tar
tar: n02130308.tar: Cannot close: Disk quota exceeded
n02132136.tar
tar: n02132136.tar: Cannot close: Disk quota exceeded
n02133161.tar
tar: rm: write error: Disk quota exceeded
tar: This does not look like a tar archive
tar: Exiting with failure status due to previous errors
tar: This does not look like a tar archive
tar: Exiting with failure status due to previous errors
tar: This does not look like a tar archive
tar: Exiting with failure status due to previous errors
tar: This does not look like a tar archive
tar: Exiting with failure status due to previous errors
tar: This does not look like a tar archive
tar: Exiting with failure status due to previous errors
tar: This does not look like a tar archive
tar: Exiting with failure status due to previous errors
tar: This does not look like a tar archive
tar: Exiting with failure status due to previous errors
tar: This does not look like a tar archive
tar: Exiting with failure status due to previous errors
tar: This does not look like a tar archive
tar: Exiting with failure status due to previous errors
tar: This does not look like a tar archive
tar: Exiting with failure status due to previous errors
tar: This does not look like a tar archive
tar: Exiting with failure status due to previous errors
tar: This does not look like a tar archive
tar: Exiting with failure status due to previous errors
tar: This does not look like a tar archive
tar: Exiting with failure status due to previous errors
tar: This does not look like a tar archive
tar: Exiting with failure status due to previous errors
tar: This does not look like a tar archive
tar: Exiting with failure status due to previous errors
tar: This does not look like a tar archive
tar: Exiting with failure status due to previous errors
tar: This does not look like a tar archive
tar: Exiting with failure status due to previous errors
tar: This does not look like a tar archive
tar: Exiting with failure status due to previous errors
tar: This does not look like a tar archive
tar: Exiting with failure status due to previous errors
tar: This does not look like a tar archive
tar: Exiting with failure status due to previous errors
tar: This does not look like a tar archive
tar: Exiting with failure status due to previous errors
tar: This does not look like a tar archive
tar: Exiting with failure status due to previous errors
tar: This does not look like a tar archive
tar: Exiting with failure status due to previous errors
tar: This does not look like a tar archive
tar: Exiting with failure status due to previous errors
tar: This does not look like a tar archive
tar: Exiting with failure status due to previous errors
tar: This does not look like a tar archive
tar: Exiting with failure status due to previous errors
tar: This does not look like a tar archive
tar: Exiting with failure status due to previous errors
tar: This does not look like a tar archive
tar: Exiting with failure status due to previous errors
tar: This does not look like a tar archive
tar: Exiting with failure status due to previous errors
tar: This does not look like a tar archive
tar: Exiting with failure status due to previous errors
tar: This does not look like a tar archive
tar: Exiting with failure status due to previous errors
tar: This does not look like a tar archive
tar: Exiting with failure status due to previous errors
tar: This does not look like a tar archive
tar: Exiting with failure status due to previous errors
tar: This does not look like a tar archive
tar: Exiting with failure status due to previous errors
tar: This does not look like a tar archive
tar: Exiting with failure status due to previous errors
tar: This does not look like a tar archive
tar: Exiting with failure status due to previous errors
tar: This does not look like a tar archive
tar: Exiting with failure status due to previous errors
tar: This does not look like a tar archive
tar: Exiting with failure status due to previous errors
tar: This does not look like a tar archive
tar: Exiting with failure status due to previous errors
tar: This does not look like a tar archive
tar: Exiting with failure status due to previous errors
tar: This does not look like a tar archive
tar: Exiting with failure status due to previous errors
tar: This does not look like a tar archive
tar: Exiting with failure status due to previous errors
tar: This does not look like a tar archive
tar: Exiting with failure status due to previous errors
tar: This does not look like a tar archive
tar: Exiting with failure status due to previous errors
tar: This does not look like a tar archive
tar: Exiting with failure status due to previous errors
tar: This does not look like a tar archive
tar: Exiting with failure status due to previous errors
tar: This does not look like a tar archive
tar: Exiting with failure status due to previous errors
tar: This does not look like a tar archive
tar: Exiting with failure status due to previous errors
tar: This does not look like a tar archive
tar: Exiting with failure status due to previous errors
tar: This does not look like a tar archive
tar: Exiting with failure status due to previous errors
tar: This does not look like a tar archive
tar: Exiting with failure status due to previous errors
tar: This does not look like a tar archive
tar: Exiting with failure status due to previous errors
tar: This does not look like a tar archive
tar: Exiting with failure status due to previous errors
tar: This does not look like a tar archive
tar: Exiting with failure status due to previous errors
tar: This does not look like a tar archive
tar: Exiting with failure status due to previous errors
tar: This does not look like a tar archive
tar: Exiting with failure status due to previous errors
tar: This does not look like a tar archive
tar: Exiting with failure status due to previous errors
tar: This does not look like a tar archive
tar: Exiting with failure status due to previous errors
tar: This does not look like a tar archive
tar: Exiting with failure status due to previous errors
tar: This does not look like a tar archive
tar: Exiting with failure status due to previous errors
tar: This does not look like a tar archive
tar: Exiting with failure status due to previous errors
tar: This does not look like a tar archive
tar: Exiting with failure status due to previous errors
tar: This does not look like a tar archive
tar: Exiting with failure status due to previous errors
tar: This does not look like a tar archive
tar: Exiting with failure status due to previous errors
tar: This does not look like a tar archive
tar: Exiting with failure status due to previous errors
tar: This does not look like a tar archive
tar: Exiting with failure status due to previous errors
tar: This does not look like a tar archive
tar: Exiting with failure status due to previous errors
tar: This does not look like a tar archive
tar: Exiting with failure status due to previous errors
tar: This does not look like a tar archive
tar: Exiting with failure status due to previous errors
tar: This does not look like a tar archive
tar: Exiting with failure status due to previous errors
tar: This does not look like a tar archive
tar: Exiting with failure status due to previous errors
tar: This does not look like a tar archive
tar: Exiting with failure status due to previous errors
tar: This does not look like a tar archive
tar: Exiting with failure status due to previous errors
tar: This does not look like a tar archive
tar: Exiting with failure status due to previous errors
tar: This does not look like a tar archive
tar: Exiting with failure status due to previous errors
tar: This does not look like a tar archive
tar: Exiting with failure status due to previous errors
tar: This does not look like a tar archive
tar: Exiting with failure status due to previous errors
tar: This does not look like a tar archive
tar: Exiting with failure status due to previous errors
tar: This does not look like a tar archive
tar: Exiting with failure status due to previous errors
tar: This does not look like a tar archive
tar: Exiting with failure status due to previous errors
tar: This does not look like a tar archive
tar: Exiting with failure status due to previous errors
tar: This does not look like a tar archive
tar: Exiting with failure status due to previous errors
tar: This does not look like a tar archive
tar: Exiting with failure status due to previous errors
tar: This does not look like a tar archive
tar: Exiting with failure status due to previous errors
tar: This does not look like a tar archive
tar: Exiting with failure status due to previous errors
tar: This does not look like a tar archive
tar: Exiting with failure status due to previous errors
tar: This does not look like a tar archive
tar: Exiting with failure status due to previous errors
tar: This does not look like a tar archive
tar: Exiting with failure status due to previous errors
tar: This does not look like a tar archive
tar: Exiting with failure status due to previous errors
tar: This does not look like a tar archive
tar: Exiting with failure status due to previous errors
tar: This does not look like a tar archive
tar: Exiting with failure status due to previous errors
tar: This does not look like a tar archive
tar: Exiting with failure status due to previous errors
tar: This does not look like a tar archive
tar: Exiting with failure status due to previous errors
tar: This does not look like a tar archive
tar: Exiting with failure status due to previous errors
tar: This does not look like a tar archive
tar: Exiting with failure status due to previous errors
tar: This does not look like a tar archive
tar: Exiting with failure status due to previous errors
tar: This does not look like a tar archive
tar: Exiting with failure status due to previous errors
tar: This does not look like a tar archive
tar: Exiting with failure status due to previous errors
tar: This does not look like a tar archive
tar: Exiting with failure status due to previous errors
tar: This does not look like a tar archive
tar: Exiting with failure status due to previous errors
tar: This does not look like a tar archive
tar: Exiting with failure status due to previous errors
tar: This does not look like a tar archive
tar: Exiting with failure status due to previous errors
tar: This does not look like a tar archive
tar: Exiting with failure status due to previous errors
tar: This does not look like a tar archive
tar: Exiting with failure status due to previous errors
tar: This does not look like a tar archive
tar: Exiting with failure status due to previous errors
tar: This does not look like a tar archive
tar: Exiting with failure status due to previous errors
tar: This does not look like a tar archive
tar: Exiting with failure status due to previous errors
tar: This does not look like a tar archive
tar: Exiting with failure status due to previous errors
tar: This does not look like a tar archive
tar: Exiting with failure status due to previous errors
tar: This does not look like a tar archive
tar: Exiting with failure status due to previous errors
tar: This does not look like a tar archive
tar: Exiting with failure status due to previous errors
tar: This does not look like a tar archive
tar: Exiting with failure status due to previous errors
tar: This does not look like a tar archive
tar: Exiting with failure status due to previous errors
tar: This does not look like a tar archive
tar: Exiting with failure status due to previous errors
tar: This does not look like a tar archive
tar: Exiting with failure status due to previous errors
tar: This does not look like a tar archive
tar: Exiting with failure status due to previous errors
tar: This does not look like a tar archive
tar: Exiting with failure status due to previous errors
tar: This does not look like a tar archive
tar: Exiting with failure status due to previous errors
tar: This does not look like a tar archive
tar: Exiting with failure status due to previous errors
tar: This does not look like a tar archive
tar: Exiting with failure status due to previous errors
tar: This does not look like a tar archive
tar: Exiting with failure status due to previous errors
tar: This does not look like a tar archive
tar: Exiting with failure status due to previous errors
tar: This does not look like a tar archive
tar: Exiting with failure status due to previous errors
tar: This does not look like a tar archive
tar: Exiting with failure status due to previous errors
mkdir: cannot create directory ‘./n02002724’: Disk quota exceeded
tar: This does not look like a tar archive
tar: Exiting with failure status due to previous errors
mkdir: cannot create directory ‘./n02006656’: Disk quota exceeded
tar: This does not look like a tar archive
tar: Exiting with failure status due to previous errors
mkdir: cannot create directory ‘./n02007558’: Disk quota exceeded
tar: This does not look like a tar archive
tar: Exiting with failure status due to previous errors
mkdir: cannot create directory ‘./n02009229’: Disk quota exceeded
tar: This does not look like a tar archive
tar: Exiting with failure status due to previous errors
mkdir: cannot create directory ‘./n02009912’: Disk quota exceeded
tar: This does not look like a tar archive
tar: Exiting with failure status due to previous errors
mkdir: cannot create directory ‘./n02011460’: Disk quota exceeded
tar: This does not look like a tar archive
tar: Exiting with failure status due to previous errors
mkdir: cannot create directory ‘./n02012849’: Disk quota exceeded
tar: This does not look like a tar archive
tar: Exiting with failure status due to previous errors
mkdir: cannot create directory ‘./n02013706’: Disk quota exceeded
tar: This does not look like a tar archive
tar: Exiting with failure status due to previous errors
mkdir: cannot create directory ‘./n02017213’: Disk quota exceeded
tar: This does not look like a tar archive
tar: Exiting with failure status due to previous errors
mkdir: cannot create directory ‘./n02018207’: Disk quota exceeded
tar: This does not look like a tar archive
tar: Exiting with failure status due to previous errors
mkdir: cannot create directory ‘./n02018795’: Disk quota exceeded
tar: This does not look like a tar archive
tar: Exiting with failure status due to previous errors
mkdir: cannot create directory ‘./n02025239’: Disk quota exceeded
tar: This does not look like a tar archive
tar: Exiting with failure status due to previous errors
mkdir: cannot create directory ‘./n02027492’: Disk quota exceeded
tar: This does not look like a tar archive
tar: Exiting with failure status due to previous errors
mkdir: cannot create directory ‘./n02028035’: Disk quota exceeded
tar: This does not look like a tar archive
tar: Exiting with failure status due to previous errors
mkdir: cannot create directory ‘./n02033041’: Disk quota exceeded
tar: This does not look like a tar archive
tar: Exiting with failure status due to previous errors
mkdir: cannot create directory ‘./n02037110’: Disk quota exceeded
tar: This does not look like a tar archive
tar: Exiting with failure status due to previous errors
mkdir: cannot create directory ‘./n02051845’: Disk quota exceeded
tar: This does not look like a tar archive
tar: Exiting with failure status due to previous errors
mkdir: cannot create directory ‘./n02056570’: Disk quota exceeded
tar: This does not look like a tar archive
tar: Exiting with failure status due to previous errors
mkdir: cannot create directory ‘./n02058221’: Disk quota exceeded
tar: This does not look like a tar archive
tar: Exiting with failure status due to previous errors
mkdir: cannot create directory ‘./n02066245’: Disk quota exceeded
tar: This does not look like a tar archive
tar: Exiting with failure status due to previous errors
mkdir: cannot create directory ‘./n02071294’: Disk quota exceeded
tar: This does not look like a tar archive
tar: Exiting with failure status due to previous errors
mkdir: cannot create directory ‘./n02074367’: Disk quota exceeded
tar: This does not look like a tar archive
tar: Exiting with failure status due to previous errors
mkdir: cannot create directory ‘./n02077923’: Disk quota exceeded
tar: This does not look like a tar archive
tar: Exiting with failure status due to previous errors
mkdir: cannot create directory ‘./n02085620’: Disk quota exceeded
tar: This does not look like a tar archive
tar: Exiting with failure status due to previous errors
mkdir: tar: rm: write error: Disk quota exceeded
